#-----------------------------------------------------------
# Vivado v2018.2 (64-bit)
# SW Build 2258646 on Thu Jun 14 20:03:12 MDT 2018
# IP Build 2256618 on Thu Jun 14 22:10:49 MDT 2018
# Start of session at: Tue Mar 19 16:30:38 2019
# Process ID: 24104
# Current directory: C:/Users/Paolo/Desktop/Lab10_final_project/Lab10_final_project/firmware
# Command line: vivado.exe -gui_launcher_event rodinguilauncherevent24148 C:\Users\Paolo\Desktop\Lab10_final_project\Lab10_final_project\firmware\final_project.xpr
# Log file: C:/Users/Paolo/Desktop/Lab10_final_project/Lab10_final_project/firmware/vivado.log
# Journal file: C:/Users/Paolo/Desktop/Lab10_final_project/Lab10_final_project/firmware\vivado.jou
#-----------------------------------------------------------
start_gui
open_project C:/Users/Paolo/Desktop/Lab10_final_project/Lab10_final_project/firmware/final_project.xpr
INFO: [Project 1-313] Project file moved from '/home/stefano/Desktop/final_project' since last save.
Scanning sources...
Finished scanning sources
WARNING: [filemgmt 56-3] IP Output Repository Path: Could not find the directory '/home/stefano/Documents/Corso_VHDL/Laboratori/Lab10_11_12/final_project/final_project.cache/ip'.
WARNING: [filemgmt 56-2] IPUserFilesDir: Could not find the directory 'C:/Users/Paolo/Desktop/Lab10_final_project/Lab10_final_project/firmware/final_project.ip_user_files', nor could it be found using path 'C:/home/stefano/Desktop/final_project/final_project.ip_user_files'.
INFO: [IP_Flow 19-234] Refreshing IP repositories
INFO: [IP_Flow 19-1704] No user IP repositories specified
INFO: [IP_Flow 19-2313] Loaded Vivado IP repository 'C:/Xilinx/Vivado/2018.2/data/ip'.
WARNING: [IP_Flow 19-2162] IP 'tri_mode_eth_mac_v5_5' is locked:
* IP definition 'tri_mode_eth_mac (5.5)' for IP 'tri_mode_eth_mac_v5_5' has been replaced in the IP Catalog by 'Tri Mode Ethernet MAC (9.0)'.
* Current project part 'xc7a35tcsg324-1' and the part 'xc7k325tfbg900-1' used to customize the IP 'tri_mode_eth_mac_v5_5' do not match.
Please select 'Report IP Status' from the 'Tools/Report' menu or run Tcl command 'report_ip_status' for more information.
open_project: Time (s): cpu = 00:00:42 ; elapsed = 00:00:34 . Memory (MB): peak = 741.730 ; gain = 73.977
WARNING: [filemgmt 56-199] Attempt to get parsing info during refresh. "On-the-fly" syntax checking information may be incorrect. [C:/Users/Paolo/Desktop/Lab10_final_project/Lab10_final_project/firmware/final_project.srcs/sources_1/other/fir.vhd:]
WARNING: [filemgmt 56-199] Attempt to get parsing info during refresh. "On-the-fly" syntax checking information may be incorrect. [C:/Users/Paolo/Desktop/Lab10_final_project/Lab10_final_project/firmware/final_project.srcs/sources_1/imports/ipbus_dpram.vhd:]
WARNING: [filemgmt 56-199] Attempt to get parsing info during refresh. "On-the-fly" syntax checking information may be incorrect. [C:/Users/Paolo/Desktop/Lab10_final_project/Lab10_final_project/firmware/final_project.srcs/sources_1/spi_master/spi_master_flash.vhd:]
WARNING: [filemgmt 56-199] Attempt to get parsing info during refresh. "On-the-fly" syntax checking information may be incorrect. [C:/Users/Paolo/Desktop/Lab10_final_project/Lab10_final_project/firmware/final_project.srcs/sources_1/other/square_wave.vhd:]
WARNING: [filemgmt 56-199] Attempt to get parsing info during refresh. "On-the-fly" syntax checking information may be incorrect. [C:/Users/Paolo/Desktop/Lab10_final_project/Lab10_final_project/firmware/final_project.srcs/sources_1/imports/top_level.vhd:]
WARNING: [filemgmt 56-199] Attempt to get parsing info during refresh. "On-the-fly" syntax checking information may be incorrect. [C:/Users/Paolo/Desktop/Lab10_final_project/Lab10_final_project/firmware/final_project.srcs/sources_1/other/ffd.vhd:]
